AndroidAsyncSample/build/outputs/logs/manifest-merger-debug-report.txt
-- Merging decision tree log ---
manifest
ADDED from CaptureScreen/AndroidAsyncSample/AndroidManifest.xml:1:1-26:12
INJECTED from CaptureScreen/AndroidAsyncSample/AndroidManifest.xml:1:1-26:12
INJECTED from CaptureScreen/AndroidAsyncSample/AndroidManifest.xml:1:1-26:12
MERGED from [:AndroidAsync] AndroidManifest.xml:2:1-16:12
INJECTED from CaptureScreen/AndroidAsyncSample/AndroidManifest.xml:1:1-26:12
INJECTED from CaptureScreen/AndroidAsyncSample/AndroidManifest.xml:1:1-26:12
	package
		ADDED from CaptureScreen/AndroidAsyncSample/AndroidManifest.xml:2:5-44
	android:versionName
		ADDED from CaptureScreen/AndroidAsyncSample/AndroidManifest.xml:4:5-30
		INJECTED from CaptureScreen/AndroidAsyncSample/AndroidManifest.xml
		INJECTED from CaptureScreen/AndroidAsyncSample/AndroidManifest.xml
	xmlns:android
		ADDED from CaptureScreen/AndroidAsyncSample/AndroidManifest.xml:1:11-69
	android:versionCode
		ADDED from CaptureScreen/AndroidAsyncSample/AndroidManifest.xml:3:5-28
		INJECTED from CaptureScreen/AndroidAsyncSample/AndroidManifest.xml
		INJECTED from CaptureScreen/AndroidAsyncSample/AndroidManifest.xml
uses-sdk
ADDED from CaptureScreen/AndroidAsyncSample/AndroidManifest.xml:6:5-8:41
INJECTED from CaptureScreen/AndroidAsyncSample/AndroidManifest.xml:6:5-8:41
INJECTED from CaptureScreen/AndroidAsyncSample/AndroidManifest.xml:6:5-8:41
MERGED from [:AndroidAsync] AndroidManifest.xml:7:5-9:41
MERGED from [:AndroidAsync] AndroidManifest.xml:7:5-9:41
INJECTED from CaptureScreen/AndroidAsyncSample/AndroidManifest.xml:6:5-8:41
INJECTED from CaptureScreen/AndroidAsyncSample/AndroidManifest.xml:6:5-8:41
	android:targetSdkVersion
		ADDED from CaptureScreen/AndroidAsyncSample/AndroidManifest.xml:8:9-38
		INJECTED from CaptureScreen/AndroidAsyncSample/AndroidManifest.xml
		INJECTED from CaptureScreen/AndroidAsyncSample/AndroidManifest.xml
	android:minSdkVersion
		ADDED from CaptureScreen/AndroidAsyncSample/AndroidManifest.xml:7:9-34
		INJECTED from CaptureScreen/AndroidAsyncSample/AndroidManifest.xml
		INJECTED from CaptureScreen/AndroidAsyncSample/AndroidManifest.xml
uses-permission#android.permission.INTERNET
ADDED from CaptureScreen/AndroidAsyncSample/AndroidManifest.xml:9:5-66
MERGED from [:AndroidAsync] AndroidManifest.xml:11:5-67
MERGED from [:AndroidAsync] AndroidManifest.xml:11:5-67
	android:name
		ADDED from CaptureScreen/AndroidAsyncSample/AndroidManifest.xml:9:22-64
uses-permission#android.permission.WRITE_EXTERNAL_STORAGE
ADDED from CaptureScreen/AndroidAsyncSample/AndroidManifest.xml:10:5-80
	android:name
		ADDED from CaptureScreen/AndroidAsyncSample/AndroidManifest.xml:10:22-78
application
ADDED from CaptureScreen/AndroidAsyncSample/AndroidManifest.xml:12:5-25:19
MERGED from [:AndroidAsync] AndroidManifest.xml:13:5-14:19
MERGED from [:AndroidAsync] AndroidManifest.xml:13:5-14:19
	android:label
		ADDED from CaptureScreen/AndroidAsyncSample/AndroidManifest.xml:14:9-41
	android:icon
		ADDED from CaptureScreen/AndroidAsyncSample/AndroidManifest.xml:13:9-45
	android:theme
		ADDED from CaptureScreen/AndroidAsyncSample/AndroidManifest.xml:15:9-40
activity#com.koushikdutta.async.sample.MainActivity
ADDED from CaptureScreen/AndroidAsyncSample/AndroidManifest.xml:16:9-24:20
	android:label
		ADDED from CaptureScreen/AndroidAsyncSample/AndroidManifest.xml:18:13-56
	android:name
		ADDED from CaptureScreen/AndroidAsyncSample/AndroidManifest.xml:17:13-41
intent-filter#android.intent.action.MAIN+android.intent.category.LAUNCHER
ADDED from CaptureScreen/AndroidAsyncSample/AndroidManifest.xml:19:13-23:29
action#android.intent.action.MAIN
ADDED from CaptureScreen/AndroidAsyncSample/AndroidManifest.xml:20:17-69
	android:name
		ADDED from CaptureScreen/AndroidAsyncSample/AndroidManifest.xml:20:25-66
category#android.intent.category.LAUNCHER
ADDED from CaptureScreen/AndroidAsyncSample/AndroidManifest.xml:22:17-77
	android:name
		ADDED from CaptureScreen/AndroidAsyncSample/AndroidManifest.xml:22:27-74